0 info it worked if it ends with ok
1 verbose cli [ 'C:\\Program Files\\nodejs\\node.exe',
1 verbose cli   'C:\\Users\\songx\\AppData\\Roaming\\npm\\node_modules\\npm\\bin\\npm-cli.js',
1 verbose cli   'start' ]
2 info using npm@3.10.9
3 info using node@v6.9.5
4 verbose run-script [ 'prestart', 'start', 'poststart' ]
5 info lifecycle xwords@1.0.0~prestart: xwords@1.0.0
6 silly lifecycle xwords@1.0.0~prestart: no script for prestart, continuing
7 info lifecycle xwords@1.0.0~start: xwords@1.0.0
8 verbose lifecycle xwords@1.0.0~start: unsafe-perm in lifecycle true
9 verbose lifecycle xwords@1.0.0~start: PATH: C:\Users\songx\AppData\Roaming\npm\node_modules\npm\bin\node-gyp-bin;C:\Xiaomi\read3\node_modules\.bin;C:\Users\songx\AppData\Local\GitHub\PortableGit_63435a79518b44808827aa3194b76bea96231189\cmd;C:\Users\songx\AppData\Local\GitHub\PortableGit_63435a79518b44808827aa3194b76bea96231189\usr\bin;C:\Users\songx\AppData\Local\GitHub\PortableGit_63435a79518b44808827aa3194b76bea96231189\usr\share\git-tfs;C:\Users\songx\AppData\Local\Apps\2.0\TO9RDH0E.GXR\6166N9B0.6DZ\gith..tion_317444273a93ac29_0003.0003_cb3f916fdebecb1d;C:\Users\songx\AppData\Local\GitHub\lfs-amd64_1.3.1;C:\Program Files (x86)\Common Files\Intel\Shared Files\cpp\bin\Intel64;C:\ProgramData\Oracle\Java\javapath;C:\Program Files (x86)\Intel\iCLS Client\;C:\Program Files\Intel\iCLS Client\;C:\Windows\system32;C:\Windows;C:\Windows\System32\Wbem;C:\Windows\System32\WindowsPowerShell\v1.0\;C:\Program Files (x86)\NVIDIA Corporation\PhysX\Common;C:\Program Files (x86)\Intel\Intel(R) Management Engine Components\DAL;C:\Program Files\Intel\Intel(R) Management Engine Components\DAL;C:\Program Files (x86)\Intel\Intel(R) Management Engine Components\IPT;C:\Program Files\Intel\Intel(R) Management Engine Components\IPT;C:\Program Files\Intel\WiFi\bin\;C:\Program Files\Common Files\Intel\WirelessCommon\;C:\Program Files\TortoiseSVN\bin;C:\WINDOWS\system32;C:\WINDOWS;C:\WINDOWS\System32\Wbem;C:\WINDOWS\System32\WindowsPowerShell\v1.0\;C:\Program Files\nodejs\;C:\Python27;C:\Ruby23-x64\bin;C:\Program Files (x86)\SSH Communications Security\SSH Secure Shell;C:\Users\songx\AppData\Local\Microsoft\WindowsApps;C:\Users\songx\AppData\Roaming\npm;C:\Windows\Microsoft.NET\Framework\v4.0.30319\
10 verbose lifecycle xwords@1.0.0~start: CWD: C:\Xiaomi\read3
11 silly lifecycle xwords@1.0.0~start: Args: [ '/d /s /c', 'webpack-dev-server --hot --inline --port 3050' ]
12 silly lifecycle xwords@1.0.0~start: Returned: code: 3221225786  signal: null
13 info lifecycle xwords@1.0.0~start: Failed to exec start script
14 verbose stack Error: xwords@1.0.0 start: `webpack-dev-server --hot --inline --port 3050`
14 verbose stack Exit status 3221225786
14 verbose stack     at EventEmitter.<anonymous> (C:\Users\songx\AppData\Roaming\npm\node_modules\npm\lib\utils\lifecycle.js:255:16)
14 verbose stack     at emitTwo (events.js:106:13)
14 verbose stack     at EventEmitter.emit (events.js:191:7)
14 verbose stack     at ChildProcess.<anonymous> (C:\Users\songx\AppData\Roaming\npm\node_modules\npm\lib\utils\spawn.js:40:14)
14 verbose stack     at emitTwo (events.js:106:13)
14 verbose stack     at ChildProcess.emit (events.js:191:7)
14 verbose stack     at maybeClose (internal/child_process.js:877:16)
14 verbose stack     at Process.ChildProcess._handle.onexit (internal/child_process.js:226:5)
15 verbose pkgid xwords@1.0.0
16 verbose cwd C:\Xiaomi\read3
17 error Windows_NT 10.0.14393
18 error argv "C:\\Program Files\\nodejs\\node.exe" "C:\\Users\\songx\\AppData\\Roaming\\npm\\node_modules\\npm\\bin\\npm-cli.js" "start"
19 error node v6.9.5
20 error npm  v3.10.9
21 error code ELIFECYCLE
22 error xwords@1.0.0 start: `webpack-dev-server --hot --inline --port 3050`
22 error Exit status 3221225786
23 error Failed at the xwords@1.0.0 start script 'webpack-dev-server --hot --inline --port 3050'.
23 error Make sure you have the latest version of node.js and npm installed.
23 error If you do, this is most likely a problem with the xwords package,
23 error not with npm itself.
23 error Tell the author that this fails on your system:
23 error     webpack-dev-server --hot --inline --port 3050
23 error You can get information on how to open an issue for this project with:
23 error     npm bugs xwords
23 error Or if that isn't available, you can get their info via:
23 error     npm owner ls xwords
23 error There is likely additional logging output above.
24 verbose exit [ 1, true ]
